
 Processor Counter Monitor: Memory Bandwidth Monitoring Utility  (2021-07-24 13:12:11 +0200 ID=76247dc)

 This utility measures memory bandwidth per channel or per DIMM rank in real-time

Linux arch_perfmon flag  : yes
IBRS and IBPB supported  : yes
STIBP supported          : yes
Spec arch caps supported : yes
Number of physical cores: 24
Number of logical cores: 48
Number of online logical cores: 48
Threads (logical cores) per physical core: 2
Num sockets: 2
Physical cores per socket: 12
Last level cache slices per socket: 12
Core PMU (perfmon) version: 5
Number of core PMU generic (programmable) counters: 8
Width of generic (programmable) counters: 48 bits
Number of core PMU fixed counters: 4
Width of fixed counters: 48 bits
Nominal core frequency: 2100000000 Hz
IBRS enabled in the kernel   : yes
STIBP enabled in the kernel  : no
The processor is not susceptible to Rogue Data Cache Load: yes
The processor supports enhanced IBRS                     : yes
Package thermal spec power: 120 Watt; Package minimum power: 70 Watt; Package maximum power: 496 Watt;
INFO: Linux perf interface to program uncore PMUs is present
ERROR: UPI LL monitoring device (0:7e:3:1) is missing. The UPI statistics will be incomplete or missing.
Socket 0: 4 memory controllers detected with total number of 8 channels. 2 QPI ports detected. 4 M2M (mesh to memory) blocks detected. 0 Home Agents detected. 3 M3UPI blocks detected.
ERROR: UPI LL monitoring device (0:fe:3:1) is missing. The UPI statistics will be incomplete or missing.
Socket 1: 4 memory controllers detected with total number of 8 channels. 2 QPI ports detected. 4 M2M (mesh to memory) blocks detected. 0 Home Agents detected. 3 M3UPI blocks detected.
Initializing RMIDs

Detected Montage Jintide(R) C4310 "Intel(r) microarchitecture codename Icelake-SP" stepping 6 microcode level 0xd000363
Update every 2 seconds
INFO: Use -mm option to monitor NM Memory Mode metrics
DEBUG: caught signal to interrupt (Terminated).
Cleaning up
 Zeroed uncore PMU registers
 Freeing up all RMIDs
